0.9.1
Первая версия, классическая.

0.9.2
Вынес в файлы настройки движка, фигур.
Сделал сохранение и загрузку.

0.9.3
Сделал полиморфный движок для фигур.
Доступен новый тип фигуры - прошибалка насквозь, 
настройка в xml: Figures->Figure[Class]="Crash".

0.9.4
Выкинул нафик сохранение и загрузку летящей и подготовленной фигур, 
ибо все динамическое: редактирование xml вызовет неопределенную 
реакцию при загрузке сохраненных фигур.

0.9.5
Вернул сохранение и загрузку летящей и подготовленной фигур, 
сделал восстановленные из файла фигуры не зависящими от данных xml.

0.9.6
Завел "читерство": вызов предустановленных фигур.

0.9.7
Сделал статистику фигур, нажатия кнопок. Хочу сделать детализацию 
по кнопкам и спать.

0.9.8
Сделал детализацию нажатия кнопок, пишу в лог статистику фигур,
нажатия клавиш, разбитых линий. Все детализовано.
